c:\users\t440\documents\visual studio 2013\projects\scareletsetter\qtguiapplication2\debug\vc120.pdb
c:\users\t440\documents\visual studio 2013\projects\scareletsetter\qtguiapplication2\debug\scareletsetter.obj
c:\users\t440\documents\visual studio 2013\projects\scareletsetter\qtguiapplication2\debug\main.obj
c:\users\t440\documents\visual studio 2013\projects\scareletsetter\qtguiapplication2\debug\moc_scareletsetter.obj
c:\users\t440\documents\visual studio 2013\projects\scareletsetter\qtguiapplication2\debug\qrc_scareletsetter.obj
c:\users\t440\documents\visual studio 2013\projects\scareletsetter\qtguiapplication2\generatedfiles\debug\moc_scareletsetter.cpp
c:\users\t440\documents\visual studio 2013\projects\scareletsetter\qtguiapplication2\generatedfiles\ui_scareletsetter.h
c:\users\t440\documents\visual studio 2013\projects\scareletsetter\qtguiapplication2\generatedfiles\qrc_scareletsetter.cpp
c:\users\t440\documents\visual studio 2013\projects\scareletsetter\win32\debug\qtguiapplication2.ilk
c:\users\t440\documents\visual studio 2013\projects\scareletsetter\win32\debug\qtguiapplication2.exe
c:\users\t440\documents\visual studio 2013\projects\scareletsetter\win32\debug\qtguiapplication2.pdb
c:\users\t440\documents\visual studio 2013\projects\scareletsetter\qtguiapplication2\debug\icon.res
c:\users\t440\documents\visual studio 2013\projects\scareletsetter\qtguiapplication2\debug\qtguiapp.b12702ad.tlog\cl.command.1.tlog
c:\users\t440\documents\visual studio 2013\projects\scareletsetter\qtguiapplication2\debug\qtguiapp.b12702ad.tlog\cl.read.1.tlog
c:\users\t440\documents\visual studio 2013\projects\scareletsetter\qtguiapplication2\debug\qtguiapp.b12702ad.tlog\cl.write.1.tlog
c:\users\t440\documents\visual studio 2013\projects\scareletsetter\qtguiapplication2\debug\qtguiapp.b12702ad.tlog\custombuild.command.1.tlog
c:\users\t440\documents\visual studio 2013\projects\scareletsetter\qtguiapplication2\debug\qtguiapp.b12702ad.tlog\custombuild.read.1.tlog
c:\users\t440\documents\visual studio 2013\projects\scareletsetter\qtguiapplication2\debug\qtguiapp.b12702ad.tlog\custombuild.write.1.tlog
c:\users\t440\documents\visual studio 2013\projects\scareletsetter\qtguiapplication2\debug\qtguiapp.b12702ad.tlog\link.command.1.tlog
c:\users\t440\documents\visual studio 2013\projects\scareletsetter\qtguiapplication2\debug\qtguiapp.b12702ad.tlog\link.read.1.tlog
c:\users\t440\documents\visual studio 2013\projects\scareletsetter\qtguiapplication2\debug\qtguiapp.b12702ad.tlog\link.write.1.tlog
c:\users\t440\documents\visual studio 2013\projects\scareletsetter\qtguiapplication2\debug\qtguiapp.b12702ad.tlog\rc.command.1.tlog
c:\users\t440\documents\visual studio 2013\projects\scareletsetter\qtguiapplication2\debug\qtguiapp.b12702ad.tlog\rc.read.1.tlog
c:\users\t440\documents\visual studio 2013\projects\scareletsetter\qtguiapplication2\debug\qtguiapp.b12702ad.tlog\rc.write.1.tlog
