生成启动时间为 2017/2/17 21:39:09。
     1>项目“C:\Users\T440\Documents\Visual Studio 2013\Projects\ScareletSetter\QtGuiApplication2\QtGuiApplication2.vcxproj”在节点 2 上(Build 个目标)。
     1>CustomBuild:
         Moc'ing ScareletSetter.h...
       ClCompile:
         E:\VS2013\VC\bin\CL.exe /c /I.\GeneratedFiles /I. /IF:\QT\5.7\msvc2013\include /I.\GeneratedFiles\Release /IF:\QT\5.7\msvc2013\include\QtCore /IF:\QT\5.7\msvc2013\include\QtGui /IF:\QT\5.7\msvc2013\include\QtWidgets /nologo /W1 /WX- /O2 /Oy- /D UNICODE /D WIN32 /D WIN64 /D QT_DLL /D QT_NO_DEBUG /D NDEBUG /D QT_CORE_LIB /D QT_GUI_LIB /D QT_WIDGETS_LIB /Gm- /EHsc /MD /GS /fp:precise /Zc:wchar_t /Zc:forScope /Fo"Release\\" /Fd"Release\vc120.pdb" /Gd /TP /analyze- /errorReport:prompt GeneratedFiles\qrc_ScareletSetter.cpp
         qrc_ScareletSetter.cpp
         E:\VS2013\VC\bin\CL.exe /c /I.\GeneratedFiles /I. /IF:\QT\5.7\msvc2013\include /I.\GeneratedFiles\Release /IF:\QT\5.7\msvc2013\include\QtCore /IF:\QT\5.7\msvc2013\include\QtGui /IF:\QT\5.7\msvc2013\include\QtWidgets /nologo /W1 /WX- /O2 /Oy- /D UNICODE /D WIN32 /D WIN64 /D QT_DLL /D QT_NO_DEBUG /D NDEBUG /D QT_CORE_LIB /D QT_GUI_LIB /D QT_WIDGETS_LIB /Gm- /EHsc /MD /GS /fp:precise /Zc:wchar_t /Zc:forScope /Fo"Release\\" /Fd"Release\vc120.pdb" /Gd /TP /analyze- /errorReport:prompt GeneratedFiles\Release\moc_ScareletSetter.cpp ScareletSetter.cpp
         moc_ScareletSetter.cpp
         ScareletSetter.cpp
         正在生成代码...
       Link:
         E:\VS2013\VC\bin\link.exe /ERRORREPORT:PROMPT /OUT:"C:\Users\T440\Documents\Visual Studio 2013\Projects\ScareletSetter\Win32\Release\\QtGuiApplication2.exe" /NOLOGO /LIBPATH:F:\QT\5.7\msvc2013\lib qtmain.lib Qt5Core.lib Qt5Gui.lib Qt5Widgets.lib kernel32.lib user32.lib gdi32.lib winspool.lib comdlg32.lib advapi32.lib shell32.lib ole32.lib oleaut32.lib uuid.lib odbc32.lib odbccp32.lib /MANIFEST /MANIFESTUAC:"level='asInvoker' uiAccess='false'" /manifest:embed /PDB:"C:\Users\T440\Documents\Visual Studio 2013\Projects\ScareletSetter\Win32\Release\QtGuiApplication2.pdb" /SUBSYSTEM:WINDOWS /TLBID:1 /DYNAMICBASE /NXCOMPAT /IMPLIB:"C:\Users\T440\Documents\Visual Studio 2013\Projects\ScareletSetter\Win32\Release\QtGuiApplication2.lib" /MACHINE:X86 /SAFESEH Release\icon.res
         Release\qrc_ScareletSetter.obj
         Release\moc_ScareletSetter.obj
         Release\main.obj
         Release\ScareletSetter.obj
         QtGuiApplication2.vcxproj -> C:\Users\T440\Documents\Visual Studio 2013\Projects\ScareletSetter\Win32\Release\QtGuiApplication2.exe
     1>已完成生成项目“C:\Users\T440\Documents\Visual Studio 2013\Projects\ScareletSetter\QtGuiApplication2\QtGuiApplication2.vcxproj”(Build 个目标)的操作。

生成成功。

已用时间 00:00:10.42
